{"/home/mohammad/class_addvance/api-server/src/server.js": {"path":"/home/mohammad/class_addvance/api-server/src/server.js","statementMap":{"0":{"start":{"line":2,"column":0},"end":{"line":2,"column":27}},"1":{"start":{"line":3,"column":13},"end":{"line":3,"column":37}},"2":{"start":{"line":5,"column":16},"end":{"line":5,"column":34}},"3":{"start":{"line":8,"column":22},"end":{"line":8,"column":53}},"4":{"start":{"line":9,"column":22},"end":{"line":9,"column":53}},"5":{"start":{"line":10,"column":18},"end":{"line":10,"column":48}},"6":{"start":{"line":11,"column":21},"end":{"line":11,"column":54}},"7":{"start":{"line":13,"column":12},"end":{"line":13,"column":21}},"8":{"start":{"line":14,"column":0},"end":{"line":14,"column":24}},"9":{"start":{"line":15,"column":0},"end":{"line":15,"column":19}},"10":{"start":{"line":16,"column":0},"end":{"line":16,"column":22}},"11":{"start":{"line":18,"column":0},"end":{"line":18,"column":28}},"12":{"start":{"line":19,"column":0},"end":{"line":19,"column":23}},"13":{"start":{"line":21,"column":4},"end":{"line":23,"column":6}},"14":{"start":{"line":22,"column":8},"end":{"line":22,"column":46}},"15":{"start":{"line":26,"column":0},"end":{"line":29,"column":2}}},"fnMap":{"0":{"name":"start","decl":{"start":{"line":20,"column":9},"end":{"line":20,"column":14}},"loc":{"start":{"line":20,"column":21},"end":{"line":24,"column":1}},"line":20},"1":{"name":"(anonymous_1)","decl":{"start":{"line":21,"column":21},"end":{"line":21,"column":22}},"loc":{"start":{"line":21,"column":27},"end":{"line":23,"column":5}},"line":21}},"branchMap":{"0":{"loc":{"start":{"line":3,"column":13},"end":{"line":3,"column":37}},"type":"binary-expr","locations":[{"start":{"line":3,"column":13},"end":{"line":3,"column":29}},{"start":{"line":3,"column":33},"end":{"line":3,"column":37}}],"line":3}},"s":{"0":1,"1":1,"2":1,"3":1,"4":1,"5":1,"6":1,"7":1,"8":1,"9":1,"10":1,"11":1,"12":1,"13":0,"14":0,"15":1},"f":{"0":0,"1":0},"b":{"0":[1,0]},"_coverageSchema":"1a1c01bbd47fc00a2c39e90264f33305004495a9","hash":"5fffb17fe4346f0ce802ae57840ce441be2245fb"}
,"/home/mohammad/class_addvance/api-server/src/error-handlers/404.js": {"path":"/home/mohammad/class_addvance/api-server/src/error-handlers/404.js","statementMap":{"0":{"start":{"line":2,"column":0},"end":{"line":9,"column":2}},"1":{"start":{"line":4,"column":4},"end":{"line":8,"column":7}}},"fnMap":{"0":{"name":"(anonymous_0)","decl":{"start":{"line":2,"column":17},"end":{"line":2,"column":18}},"loc":{"start":{"line":2,"column":37},"end":{"line":9,"column":1}},"line":2}},"branchMap":{},"s":{"0":1,"1":2},"f":{"0":2},"b":{},"_coverageSchema":"1a1c01bbd47fc00a2c39e90264f33305004495a9","hash":"e6f65496c670ade872aaadb000cbb8d266bfb1d1"}
,"/home/mohammad/class_addvance/api-server/src/error-handlers/500.js": {"path":"/home/mohammad/class_addvance/api-server/src/error-handlers/500.js","statementMap":{"0":{"start":{"line":2,"column":0},"end":{"line":10,"column":2}},"1":{"start":{"line":4,"column":4},"end":{"line":4,"column":22}},"2":{"start":{"line":5,"column":4},"end":{"line":9,"column":7}}},"fnMap":{"0":{"name":"(anonymous_0)","decl":{"start":{"line":2,"column":17},"end":{"line":2,"column":18}},"loc":{"start":{"line":2,"column":44},"end":{"line":10,"column":1}},"line":2}},"branchMap":{"0":{"loc":{"start":{"line":8,"column":34},"end":{"line":8,"column":56}},"type":"binary-expr","locations":[{"start":{"line":8,"column":34},"end":{"line":8,"column":47}},{"start":{"line":8,"column":51},"end":{"line":8,"column":56}}],"line":8}},"s":{"0":1,"1":0,"2":0},"f":{"0":0},"b":{"0":[0,0]},"_coverageSchema":"1a1c01bbd47fc00a2c39e90264f33305004495a9","hash":"94ead45eda62329aa3b9ac1b3873d7cce8ec0077"}
,"/home/mohammad/class_addvance/api-server/src/models/clothes.model.js": {"path":"/home/mohammad/class_addvance/api-server/src/models/clothes.model.js","statementMap":{"0":{"start":{"line":4,"column":16},"end":{"line":15,"column":1}},"1":{"start":{"line":5,"column":20},"end":{"line":13,"column":6}},"2":{"start":{"line":14,"column":4},"end":{"line":14,"column":19}},"3":{"start":{"line":16,"column":0},"end":{"line":16,"column":25}}},"fnMap":{"0":{"name":"(anonymous_0)","decl":{"start":{"line":4,"column":16},"end":{"line":4,"column":17}},"loc":{"start":{"line":4,"column":42},"end":{"line":15,"column":1}},"line":4}},"branchMap":{},"s":{"0":1,"1":1,"2":1,"3":1},"f":{"0":1},"b":{},"_coverageSchema":"1a1c01bbd47fc00a2c39e90264f33305004495a9","hash":"772236cb6747fa9520b3c89e04d51a984b0c5690"}
,"/home/mohammad/class_addvance/api-server/src/models/food.model.js": {"path":"/home/mohammad/class_addvance/api-server/src/models/food.model.js","statementMap":{"0":{"start":{"line":4,"column":13},"end":{"line":15,"column":1}},"1":{"start":{"line":5,"column":17},"end":{"line":13,"column":6}},"2":{"start":{"line":14,"column":4},"end":{"line":14,"column":16}},"3":{"start":{"line":16,"column":0},"end":{"line":16,"column":22}}},"fnMap":{"0":{"name":"(anonymous_0)","decl":{"start":{"line":4,"column":13},"end":{"line":4,"column":14}},"loc":{"start":{"line":4,"column":39},"end":{"line":15,"column":1}},"line":4}},"branchMap":{},"s":{"0":1,"1":1,"2":1,"3":1},"f":{"0":1},"b":{},"_coverageSchema":"1a1c01bbd47fc00a2c39e90264f33305004495a9","hash":"32f11c99820c7492a7f4b619d7ecd871820f83e1"}
,"/home/mohammad/class_addvance/api-server/src/models/index.model.js": {"path":"/home/mohammad/class_addvance/api-server/src/models/index.model.js","statementMap":{"0":{"start":{"line":3,"column":0},"end":{"line":3,"column":27}},"1":{"start":{"line":4,"column":21},"end":{"line":4,"column":98}},"2":{"start":{"line":6,"column":33},"end":{"line":6,"column":53}},"3":{"start":{"line":8,"column":13},"end":{"line":8,"column":36}},"4":{"start":{"line":9,"column":16},"end":{"line":9,"column":42}},"5":{"start":{"line":10,"column":19},"end":{"line":10,"column":52}},"6":{"start":{"line":13,"column":4},"end":{"line":22,"column":14}},"7":{"start":{"line":24,"column":16},"end":{"line":24,"column":61}},"8":{"start":{"line":26,"column":18},"end":{"line":26,"column":44}},"9":{"start":{"line":27,"column":21},"end":{"line":27,"column":50}},"10":{"start":{"line":29,"column":23},"end":{"line":29,"column":48}},"11":{"start":{"line":30,"column":26},"end":{"line":30,"column":54}},"12":{"start":{"line":32,"column":0},"end":{"line":36,"column":2}}},"fnMap":{},"branchMap":{"0":{"loc":{"start":{"line":4,"column":21},"end":{"line":4,"column":98}},"type":"cond-expr","locations":[{"start":{"line":4,"column":55},"end":{"line":4,"column":71}},{"start":{"line":4,"column":74},"end":{"line":4,"column":98}}],"line":4},"1":{"loc":{"start":{"line":13,"column":4},"end":{"line":22,"column":14}},"type":"cond-expr","locations":[{"start":{"line":15,"column":8},"end":{"line":22,"column":9}},{"start":{"line":22,"column":12},"end":{"line":22,"column":14}}],"line":13}},"s":{"0":1,"1":1,"2":1,"3":1,"4":1,"5":1,"6":1,"7":1,"8":1,"9":1,"10":1,"11":1,"12":1},"f":{},"b":{"0":[1,0],"1":[0,1]},"_coverageSchema":"1a1c01bbd47fc00a2c39e90264f33305004495a9","hash":"60d6d0b181e559021a2974f0e8957a70aa2e67ba"}
,"/home/mohammad/class_addvance/api-server/src/models/lib/collection-class.js": {"path":"/home/mohammad/class_addvance/api-server/src/models/lib/collection-class.js","statementMap":{"0":{"start":{"line":5,"column":8},"end":{"line":5,"column":27}},"1":{"start":{"line":9,"column":8},"end":{"line":16,"column":9}},"2":{"start":{"line":10,"column":28},"end":{"line":10,"column":56}},"3":{"start":{"line":11,"column":12},"end":{"line":11,"column":29}},"4":{"start":{"line":14,"column":12},"end":{"line":14,"column":81}},"5":{"start":{"line":21,"column":8},"end":{"line":35,"column":9}},"6":{"start":{"line":22,"column":12},"end":{"line":31,"column":13}},"7":{"start":{"line":24,"column":29},"end":{"line":24,"column":81}},"8":{"start":{"line":25,"column":16},"end":{"line":25,"column":30}},"9":{"start":{"line":29,"column":30},"end":{"line":29,"column":56}},"10":{"start":{"line":30,"column":16},"end":{"line":30,"column":31}},"11":{"start":{"line":34,"column":12},"end":{"line":34,"column":74}},"12":{"start":{"line":41,"column":8},"end":{"line":49,"column":9}},"13":{"start":{"line":43,"column":26},"end":{"line":43,"column":50}},"14":{"start":{"line":44,"column":12},"end":{"line":44,"column":27}},"15":{"start":{"line":47,"column":12},"end":{"line":47,"column":75}},"16":{"start":{"line":54,"column":8},"end":{"line":56,"column":9}},"17":{"start":{"line":55,"column":12},"end":{"line":55,"column":68}},"18":{"start":{"line":57,"column":8},"end":{"line":62,"column":9}},"19":{"start":{"line":58,"column":26},"end":{"line":58,"column":78}},"20":{"start":{"line":59,"column":12},"end":{"line":59,"column":27}},"21":{"start":{"line":61,"column":12},"end":{"line":61,"column":76}},"22":{"start":{"line":69,"column":0},"end":{"line":69,"column":28}}},"fnMap":{"0":{"name":"(anonymous_0)","decl":{"start":{"line":4,"column":4},"end":{"line":4,"column":5}},"loc":{"start":{"line":4,"column":23},"end":{"line":6,"column":5}},"line":4},"1":{"name":"(anonymous_1)","decl":{"start":{"line":8,"column":4},"end":{"line":8,"column":5}},"loc":{"start":{"line":8,"column":22},"end":{"line":18,"column":5}},"line":8},"2":{"name":"(anonymous_2)","decl":{"start":{"line":20,"column":4},"end":{"line":20,"column":5}},"loc":{"start":{"line":20,"column":24},"end":{"line":37,"column":5}},"line":20},"3":{"name":"(anonymous_3)","decl":{"start":{"line":40,"column":4},"end":{"line":40,"column":5}},"loc":{"start":{"line":40,"column":22},"end":{"line":51,"column":5}},"line":40},"4":{"name":"(anonymous_4)","decl":{"start":{"line":53,"column":4},"end":{"line":53,"column":5}},"loc":{"start":{"line":53,"column":26},"end":{"line":64,"column":5}},"line":53}},"branchMap":{"0":{"loc":{"start":{"line":22,"column":12},"end":{"line":31,"column":13}},"type":"if","locations":[{"start":{"line":22,"column":12},"end":{"line":31,"column":13}},{"start":{"line":27,"column":17},"end":{"line":31,"column":13}}],"line":22},"1":{"loc":{"start":{"line":54,"column":8},"end":{"line":56,"column":9}},"type":"if","locations":[{"start":{"line":54,"column":8},"end":{"line":56,"column":9}},{"start":{},"end":{}}],"line":54}},"s":{"0":2,"1":1,"2":1,"3":1,"4":0,"5":3,"6":3,"7":2,"8":2,"9":1,"10":1,"11":0,"12":0,"13":0,"14":0,"15":0,"16":1,"17":0,"18":1,"19":1,"20":1,"21":0,"22":1},"f":{"0":2,"1":1,"2":3,"3":0,"4":1},"b":{"0":[2,1],"1":[0,1]},"_coverageSchema":"1a1c01bbd47fc00a2c39e90264f33305004495a9","hash":"aaf20c9e33766b37359b584be13b3c3423a2365d"}
,"/home/mohammad/class_addvance/api-server/src/routes/clothes.route.js": {"path":"/home/mohammad/class_addvance/api-server/src/routes/clothes.route.js","statementMap":{"0":{"start":{"line":2,"column":16},"end":{"line":2,"column":34}},"1":{"start":{"line":3,"column":20},"end":{"line":3,"column":52}},"2":{"start":{"line":5,"column":22},"end":{"line":5,"column":38}},"3":{"start":{"line":8,"column":0},"end":{"line":8,"column":42}},"4":{"start":{"line":9,"column":0},"end":{"line":9,"column":49}},"5":{"start":{"line":10,"column":0},"end":{"line":10,"column":46}},"6":{"start":{"line":11,"column":0},"end":{"line":11,"column":49}},"7":{"start":{"line":12,"column":0},"end":{"line":12,"column":52}},"8":{"start":{"line":17,"column":18},"end":{"line":17,"column":38}},"9":{"start":{"line":18,"column":4},"end":{"line":18,"column":34}},"10":{"start":{"line":22,"column":20},"end":{"line":22,"column":43}},"11":{"start":{"line":23,"column":18},"end":{"line":23,"column":47}},"12":{"start":{"line":24,"column":4},"end":{"line":24,"column":34}},"13":{"start":{"line":28,"column":21},"end":{"line":28,"column":29}},"14":{"start":{"line":29,"column":18},"end":{"line":29,"column":50}},"15":{"start":{"line":30,"column":4},"end":{"line":30,"column":34}},"16":{"start":{"line":35,"column":20},"end":{"line":35,"column":43}},"17":{"start":{"line":36,"column":24},"end":{"line":36,"column":32}},"18":{"start":{"line":37,"column":23},"end":{"line":37,"column":52}},"19":{"start":{"line":38,"column":4},"end":{"line":41,"column":5}},"20":{"start":{"line":39,"column":28},"end":{"line":39,"column":68}},"21":{"start":{"line":40,"column":8},"end":{"line":40,"column":44}},"22":{"start":{"line":48,"column":20},"end":{"line":48,"column":43}},"23":{"start":{"line":49,"column":24},"end":{"line":49,"column":55}},"24":{"start":{"line":50,"column":4},"end":{"line":50,"column":40}},"25":{"start":{"line":54,"column":0},"end":{"line":54,"column":31}}},"fnMap":{"0":{"name":"getClothes","decl":{"start":{"line":15,"column":15},"end":{"line":15,"column":25}},"loc":{"start":{"line":15,"column":36},"end":{"line":19,"column":1}},"line":15},"1":{"name":"getOneClothes","decl":{"start":{"line":21,"column":15},"end":{"line":21,"column":28}},"loc":{"start":{"line":21,"column":39},"end":{"line":25,"column":1}},"line":21},"2":{"name":"createClothes","decl":{"start":{"line":27,"column":15},"end":{"line":27,"column":28}},"loc":{"start":{"line":27,"column":39},"end":{"line":31,"column":1}},"line":27},"3":{"name":"updateClothes","decl":{"start":{"line":33,"column":15},"end":{"line":33,"column":28}},"loc":{"start":{"line":33,"column":39},"end":{"line":44,"column":1}},"line":33},"4":{"name":"deleteClothes","decl":{"start":{"line":46,"column":15},"end":{"line":46,"column":28}},"loc":{"start":{"line":46,"column":39},"end":{"line":52,"column":1}},"line":46}},"branchMap":{"0":{"loc":{"start":{"line":38,"column":4},"end":{"line":41,"column":5}},"type":"if","locations":[{"start":{"line":38,"column":4},"end":{"line":41,"column":5}},{"start":{},"end":{}}],"line":38}},"s":{"0":1,"1":1,"2":1,"3":1,"4":1,"5":1,"6":1,"7":1,"8":0,"9":0,"10":0,"11":0,"12":0,"13":0,"14":0,"15":0,"16":0,"17":0,"18":0,"19":0,"20":0,"21":0,"22":0,"23":0,"24":0,"25":1},"f":{"0":0,"1":0,"2":0,"3":0,"4":0},"b":{"0":[0,0]},"_coverageSchema":"1a1c01bbd47fc00a2c39e90264f33305004495a9","hash":"c3f6d8edd33787dd890b0378431eacc23185e3f8"}
,"/home/mohammad/class_addvance/api-server/src/routes/food.route.js": {"path":"/home/mohammad/class_addvance/api-server/src/routes/food.route.js","statementMap":{"0":{"start":{"line":2,"column":16},"end":{"line":2,"column":34}},"1":{"start":{"line":3,"column":17},"end":{"line":3,"column":49}},"2":{"start":{"line":5,"column":19},"end":{"line":5,"column":35}},"3":{"start":{"line":8,"column":0},"end":{"line":8,"column":33}},"4":{"start":{"line":9,"column":0},"end":{"line":9,"column":40}},"5":{"start":{"line":10,"column":0},"end":{"line":10,"column":37}},"6":{"start":{"line":11,"column":0},"end":{"line":11,"column":40}},"7":{"start":{"line":12,"column":0},"end":{"line":12,"column":43}},"8":{"start":{"line":17,"column":16},"end":{"line":17,"column":33}},"9":{"start":{"line":18,"column":4},"end":{"line":18,"column":32}},"10":{"start":{"line":22,"column":17},"end":{"line":22,"column":40}},"11":{"start":{"line":23,"column":15},"end":{"line":23,"column":38}},"12":{"start":{"line":24,"column":4},"end":{"line":24,"column":31}},"13":{"start":{"line":28,"column":18},"end":{"line":28,"column":26}},"14":{"start":{"line":29,"column":15},"end":{"line":29,"column":41}},"15":{"start":{"line":30,"column":4},"end":{"line":30,"column":31}},"16":{"start":{"line":35,"column":17},"end":{"line":35,"column":40}},"17":{"start":{"line":36,"column":21},"end":{"line":36,"column":29}},"18":{"start":{"line":37,"column":20},"end":{"line":37,"column":43}},"19":{"start":{"line":38,"column":4},"end":{"line":42,"column":5}},"20":{"start":{"line":40,"column":25},"end":{"line":40,"column":59}},"21":{"start":{"line":41,"column":8},"end":{"line":41,"column":41}},"22":{"start":{"line":49,"column":17},"end":{"line":49,"column":40}},"23":{"start":{"line":50,"column":21},"end":{"line":50,"column":46}},"24":{"start":{"line":51,"column":4},"end":{"line":51,"column":37}},"25":{"start":{"line":55,"column":0},"end":{"line":55,"column":28}}},"fnMap":{"0":{"name":"getFood","decl":{"start":{"line":15,"column":15},"end":{"line":15,"column":22}},"loc":{"start":{"line":15,"column":33},"end":{"line":19,"column":1}},"line":15},"1":{"name":"getOneFood","decl":{"start":{"line":21,"column":15},"end":{"line":21,"column":25}},"loc":{"start":{"line":21,"column":36},"end":{"line":25,"column":1}},"line":21},"2":{"name":"createFood","decl":{"start":{"line":27,"column":15},"end":{"line":27,"column":25}},"loc":{"start":{"line":27,"column":36},"end":{"line":31,"column":1}},"line":27},"3":{"name":"updateFood","decl":{"start":{"line":33,"column":15},"end":{"line":33,"column":25}},"loc":{"start":{"line":33,"column":36},"end":{"line":45,"column":1}},"line":33},"4":{"name":"deleteFood","decl":{"start":{"line":47,"column":15},"end":{"line":47,"column":25}},"loc":{"start":{"line":47,"column":36},"end":{"line":53,"column":1}},"line":47}},"branchMap":{"0":{"loc":{"start":{"line":38,"column":4},"end":{"line":42,"column":5}},"type":"if","locations":[{"start":{"line":38,"column":4},"end":{"line":42,"column":5}},{"start":{},"end":{}}],"line":38}},"s":{"0":1,"1":1,"2":1,"3":1,"4":1,"5":1,"6":1,"7":1,"8":1,"9":1,"10":1,"11":1,"12":1,"13":1,"14":1,"15":1,"16":1,"17":1,"18":1,"19":1,"20":1,"21":1,"22":1,"23":1,"24":1,"25":1},"f":{"0":1,"1":1,"2":1,"3":1,"4":1},"b":{"0":[1,0]},"_coverageSchema":"1a1c01bbd47fc00a2c39e90264f33305004495a9","hash":"09afcedd1f67ea7a6aa5b48e90e66d28ad5df717"}
}
