TN:
SF:src/server.js
FN:20,start
FN:21,(anonymous_1)
FNF:2
FNH:0
FNDA:0,start
FNDA:0,(anonymous_1)
DA:2,1
DA:3,1
DA:5,1
DA:8,1
DA:9,1
DA:10,1
DA:11,1
DA:13,1
DA:14,1
DA:15,1
DA:16,1
DA:18,1
DA:19,1
DA:21,0
DA:22,0
DA:26,1
LF:16
LH:14
BRDA:3,0,0,1
BRDA:3,0,1,0
BRF:2
BRH:1
end_of_record
TN:
SF:src/error-handlers/404.js
FN:2,(anonymous_0)
FNF:1
FNH:1
FNDA:2,(anonymous_0)
DA:2,1
DA:4,2
LF:2
LH:2
BRF:0
BRH:0
end_of_record
TN:
SF:src/error-handlers/500.js
FN:2,(anonymous_0)
FNF:1
FNH:0
FNDA:0,(anonymous_0)
DA:2,1
DA:4,0
DA:5,0
LF:3
LH:1
BRDA:8,0,0,0
BRDA:8,0,1,0
BRF:2
BRH:0
end_of_record
TN:
SF:src/models/clothes.model.js
FN:4,(anonymous_0)
FNF:1
FNH:1
FNDA:1,(anonymous_0)
DA:4,1
DA:5,1
DA:14,1
DA:16,1
LF:4
LH:4
BRF:0
BRH:0
end_of_record
TN:
SF:src/models/food.model.js
FN:4,(anonymous_0)
FNF:1
FNH:1
FNDA:1,(anonymous_0)
DA:4,1
DA:5,1
DA:14,1
DA:16,1
LF:4
LH:4
BRF:0
BRH:0
end_of_record
TN:
SF:src/models/index.model.js
FNF:0
FNH:0
DA:3,1
DA:4,1
DA:6,1
DA:8,1
DA:9,1
DA:10,1
DA:13,1
DA:24,1
DA:26,1
DA:27,1
DA:29,1
DA:30,1
DA:32,1
LF:13
LH:13
BRDA:4,0,0,1
BRDA:4,0,1,0
BRDA:13,1,0,0
BRDA:13,1,1,1
BRF:4
BRH:2
end_of_record
TN:
SF:src/models/lib/collection-class.js
FN:4,(anonymous_0)
FN:8,(anonymous_1)
FN:20,(anonymous_2)
FN:40,(anonymous_3)
FN:53,(anonymous_4)
FNF:5
FNH:4
FNDA:2,(anonymous_0)
FNDA:1,(anonymous_1)
FNDA:3,(anonymous_2)
FNDA:0,(anonymous_3)
FNDA:1,(anonymous_4)
DA:5,2
DA:9,1
DA:10,1
DA:11,1
DA:14,0
DA:21,3
DA:22,3
DA:24,2
DA:25,2
DA:29,1
DA:30,1
DA:34,0
DA:41,0
DA:43,0
DA:44,0
DA:47,0
DA:54,1
DA:55,0
DA:57,1
DA:58,1
DA:59,1
DA:61,0
DA:69,1
LF:23
LH:15
BRDA:22,0,0,2
BRDA:22,0,1,1
BRDA:54,1,0,0
BRDA:54,1,1,1
BRF:4
BRH:3
end_of_record
TN:
SF:src/routes/clothes.route.js
FN:15,getClothes
FN:21,getOneClothes
FN:27,createClothes
FN:33,updateClothes
FN:46,deleteClothes
FNF:5
FNH:0
FNDA:0,getClothes
FNDA:0,getOneClothes
FNDA:0,createClothes
FNDA:0,updateClothes
FNDA:0,deleteClothes
DA:2,1
DA:3,1
DA:5,1
DA:8,1
DA:9,1
DA:10,1
DA:11,1
DA:12,1
DA:17,0
DA:18,0
DA:22,0
DA:23,0
DA:24,0
DA:28,0
DA:29,0
DA:30,0
DA:35,0
DA:36,0
DA:37,0
DA:38,0
DA:39,0
DA:40,0
DA:48,0
DA:49,0
DA:50,0
DA:54,1
LF:26
LH:9
BRDA:38,0,0,0
BRDA:38,0,1,0
BRF:2
BRH:0
end_of_record
TN:
SF:src/routes/food.route.js
FN:15,getFood
FN:21,getOneFood
FN:27,createFood
FN:33,updateFood
FN:47,deleteFood
FNF:5
FNH:5
FNDA:1,getFood
FNDA:1,getOneFood
FNDA:1,createFood
FNDA:1,updateFood
FNDA:1,deleteFood
DA:2,1
DA:3,1
DA:5,1
DA:8,1
DA:9,1
DA:10,1
DA:11,1
DA:12,1
DA:17,1
DA:18,1
DA:22,1
DA:23,1
DA:24,1
DA:28,1
DA:29,1
DA:30,1
DA:35,1
DA:36,1
DA:37,1
DA:38,1
DA:40,1
DA:41,1
DA:49,1
DA:50,1
DA:51,1
DA:55,1
LF:26
LH:26
BRDA:38,0,0,1
BRDA:38,0,1,0
BRF:2
BRH:1
end_of_record
